\BOOKMARK [1][]{section.1}{\376\377\0001\000\040\133\236\232\214\211\201\154\102}{}% 1
\BOOKMARK [1][]{section.2}{\376\377\0002\000\040\173\227\154\325\213\276\213\241\116\016\133\236\163\260}{}% 2
\BOOKMARK [2][]{subsection.2.1}{\376\377\0002\000.\0001\000\040\000A\000d\000a\000b\000o\000o\000s\000t\173\227\154\325}{section.2}% 3
\BOOKMARK [3][]{subsubsection.2.1.1}{\376\377\0002\000.\0001\000.\0001\000\040\000A\000d\000a\000b\000o\000o\000s\000t\173\227\154\325\133\236\163\260}{subsection.2.1}% 4
\BOOKMARK [2][]{subsection.2.2}{\376\377\0002\000.\0002\000\040\122\006\174\173\126\150\227\000\211\201\146\264\227\062\166\204\143\245\123\343}{section.2}% 5
\BOOKMARK [2][]{subsection.2.3}{\376\377\0002\000.\0003\000\040\000D\000e\000c\000i\000s\000i\000o\000n\000T\000r\000e\000e\000S\000t\000u\000m\000p\133\236\163\260}{section.2}% 6
\BOOKMARK [3][]{subsubsection.2.3.1}{\376\377\0002\000.\0003\000.\0001\000\040\122\035\131\313\123\026\147\103\221\315\116\345\123\312\225\031\213\357\163\207}{subsection.2.3}% 7
\BOOKMARK [3][]{subsubsection.2.3.2}{\376\377\0002\000.\0003\000.\0002\000\040\000D\000e\000c\000i\000s\000i\000o\000n\000T\000r\000e\000e\000S\000t\000u\000m\000p\000:\000:\000f\000i\000t\000\050\000S\000,\000D\000\051\143\245\123\343\133\236\163\260}{subsection.2.3}% 8
\BOOKMARK [3][]{subsubsection.2.3.3}{\376\377\0002\000.\0003\000.\0003\000\040\000D\000e\000c\000i\000s\000i\000o\000n\000T\000r\000e\000e\000S\000t\000u\000m\000p\000:\000:\000p\000r\000e\000d\000i\000c\000t\000\050\000x\000\051\143\245\123\343\133\236\163\260}{subsection.2.3}% 9
\BOOKMARK [2][]{subsection.2.4}{\376\377\0002\000.\0004\000\040\000L\000o\000g\000i\000s\000t\000i\000c\000R\000e\000g\000r\000e\000s\000s\000i\000o\000n\133\236\163\260}{section.2}% 10
\BOOKMARK [3][]{subsubsection.2.4.1}{\376\377\0002\000.\0004\000.\0001\000\040\122\035\131\313\123\026\147\103\221\315\116\345\123\312\225\031\213\357\163\207}{subsection.2.4}% 11
\BOOKMARK [3][]{subsubsection.2.4.2}{\376\377\0002\000.\0004\000.\0002\000\040\000L\000o\000g\000i\000s\000t\000i\000c\000R\000e\000g\000r\000e\000s\000s\000i\000o\000n\000:\000:\000f\000i\000t\000\050\000S\000,\000D\000\051\143\245\123\343\133\236\163\260}{subsection.2.4}% 12
\BOOKMARK [3][]{subsubsection.2.4.3}{\376\377\0002\000.\0004\000.\0003\000\040\000L\000o\000g\000i\000s\000t\000i\000c\000R\000e\000g\000r\000e\000s\000s\000i\000o\000n\000:\000:\000p\000r\000e\000d\000i\000c\000t\000\050\000x\000\051\143\245\123\343\133\236\163\260}{subsection.2.4}% 13
\BOOKMARK [1][]{section.3}{\376\377\0003\000\040\133\236\232\214\163\257\130\203\116\016\136\163\123\360}{}% 14
\BOOKMARK [1][]{section.4}{\376\377\0004\000\040\176\323\147\234\116\016\122\006\147\220}{}% 15
\BOOKMARK [2][]{subsection.4.1}{\376\377\0004\000.\0001\000\040\155\113\213\325\145\160\143\156\213\364\146\016}{section.4}% 16
\BOOKMARK [2][]{subsection.4.2}{\376\377\0004\000.\0002\000\040\116\244\142\230\232\214\213\301\166\204\145\271\154\325}{section.4}% 17
\BOOKMARK [2][]{subsection.4.3}{\376\377\0004\000.\0003\000\040\127\372\116\216\000D\000e\000c\000s\000i\000o\000n\000T\000r\000e\000e\000S\000t\000u\000m\000p\122\006\174\173\126\150\166\204\000A\000d\000a\000b\000o\000o\000s\000t\173\227\154\325\176\323\147\234}{section.4}% 18
\BOOKMARK [2][]{subsection.4.4}{\376\377\0004\000.\0004\000\040\127\372\116\216\000L\000o\000g\000i\000s\000i\000t\000c\000R\000e\000g\000r\000e\000s\000s\000i\000o\000n\122\006\174\173\126\150\166\204\000A\000d\000a\000b\000o\000o\000s\000t\173\227\154\325\176\323\147\234}{section.4}% 19
\BOOKMARK [2][]{subsection.4.5}{\376\377\0004\000.\0005\000\040\176\323\147\234\122\006\147\220}{section.4}% 20
\BOOKMARK [3][]{subsubsection.4.5.1}{\376\377\0004\000.\0005\000.\0001\000\040\116\345\000D\000e\000c\000i\000s\000i\000o\000n\000T\000r\000e\000e\000S\000t\000u\000m\000p\117\134\116\072\127\372\122\006\174\173\126\150\166\204\176\323\147\234}{subsection.4.5}% 21
\BOOKMARK [3][]{subsubsection.4.5.2}{\376\377\0004\000.\0005\000.\0002\000\040\116\345\000L\000o\000g\000i\000s\000t\000i\000c\000R\000e\000g\000r\000e\000s\000s\000i\000o\000n\117\134\116\072\122\006\174\173\173\227\154\325\166\204\176\323\147\234}{subsection.4.5}% 22
\BOOKMARK [3][]{subsubsection.4.5.3}{\376\377\0004\000.\0005\000.\0003\000\040\000L\000o\000g\000i\000s\000t\000i\000c\000R\000e\000g\000r\000e\000s\000s\000i\000o\000n\117\134\116\072\122\006\174\173\126\150\210\150\163\260\135\356\166\204\123\237\126\340}{subsection.4.5}% 23
\BOOKMARK [1][]{section.5}{\376\377\0005\000\040\116\052\116\272\117\123\117\032}{}% 24
\BOOKMARK [2][]{subsection.5.1}{\376\377\0005\000.\0001\000\040\142\021\133\371\000A\000d\000a\000b\000o\000o\000s\000t\173\227\154\325\166\204\145\260\213\244\213\306}{section.5}% 25
\BOOKMARK [2][]{subsection.5.2}{\376\377\0005\000.\0002\000\040\127\372\122\006\174\173\126\150\174\173\127\213\377\014\215\205\123\302\145\160\213\276\177\156\133\371\152\041\127\213\140\047\200\375\166\204\137\161\124\315}{section.5}% 26
